
** (update-notifier:2694): WARNING **: log file empty (logrotate?) /var/log/dpkg.log

** (update-notifier:2694): WARNING **: log file empty (logrotate?) /var/log/apt/term.log
ERROR 2018-08-31 14:18:51 unity <unknown>:0 atk_object_ref_state_set: assertion 'ATK_IS_OBJECT (accessible)' failed
ERROR 2018-08-31 14:18:51 unity <unknown>:0 atk_state_set_contains_state: assertion 'ATK_IS_STATE_SET (set)' failed
ERROR 2018-08-31 14:18:51 unityding->source != null <unknown>:0 g_object_unref: assertion 'G_IS_OBJECT (object)' failed
[2768:2768:0831/142422:ERROR:logging.h(808)] Failed to call method: org.freedesktop.DBus.ObjectManager.GetManagedObjects: object_path= /: org.freedesktop.DBus.Error.UnknownMethod: Method "GetManagedObjects" with signature "" on interface "org.freedesktop.DBus.ObjectManager" doesn't exist

[2768:2768:0831/142423:ERROR:logging.h(808)] Failed to call method: org.freedesktop.DBus.ObjectManager.GetManagedObjects: object_path= /: org.freedesktop.DBus.Error.UnknownMethod: Method "GetManagedObjects" with signature "" on interface "org.freedesktop.DBus.ObjectManager" doesn't exist

getrlimit(RLIMIT_NOFILE) failed
[2768:2768:0831/142425:ERROR:CONSOLE(1)] "Failed to set referrer policy: The value 'strict-origin' is not one of 'always', 'default', 'never', 'no-referrer', 'no-referrer-when-downgrade', 'origin', 'origin-when-crossorigin', or 'unsafe-url'. This document's referrer policy has been left unchanged.", source: https://www.google.co.in/_/chrome/newtab?espv=2&ie=UTF-8&client=ubuntu (1)
getrlimit(RLIMIT_NOFILE) failed
getrlimit(RLIMIT_NOFILE) failed

** (zeitgeist-datahub:2641): WARNING **: downloads-directory-provider.vala:120: Couldn't process /home/eswecha/Downloads/.org.chromium.Chromium.yJFC7i: Error when getting information for file '/home/eswecha/Downloads/.org.chromium.Chromium.yJFC7i': No such file or directory

** (zeitgeist-datahub:2641): WARNING **: zeitgeist-datahub.vala:212: Error during inserting events: GDBus.Error:org.gnome.zeitgeist.EngineError.InvalidArgument: Incomplete event: interpretation, manifestation and actor are required

** (zeitgeist-datahub:2641): WARNING **: downloads-directory-provider.vala:120: Couldn't process /home/eswecha/Downloads/.org.chromium.Chromium.7BftyE: Error when getting information for file '/home/eswecha/Downloads/.org.chromium.Chromium.7BftyE': No such file or directory

** (zeitgeist-datahub:2641): WARNING **: zeitgeist-datahub.vala:212: Error during inserting events: GDBus.Error:org.gnome.zeitgeist.EngineError.InvalidArgument: Incomplete event: interpretation, manifestation and actor are required

** (zeitgeist-datahub:2641): WARNING **: zeitgeist-datahub.vala:212: Error during inserting events: GDBus.Error:org.gnome.zeitgeist.EngineError.InvalidArgument: Incomplete event: interpretation, manifestation and actor are required

** (zeitgeist-datahub:2641): WARNING **: downloads-directory-provider.vala:120: Couldn't process /home/eswecha/Downloads/Resume-20180831T085939Z-001: Error when getting information for file '/home/eswecha/Downloads/Resume-20180831T085939Z-001': No such file or directory

** (zeitgeist-datahub:2641): WARNING **: downloads-directory-provider.vala:120: Couldn't process /home/eswecha/Downloads/Resume-20180831T085939Z-001 (2): Error when getting information for file '/home/eswecha/Downloads/Resume-20180831T085939Z-001 (2)': No such file or directory

** (zeitgeist-datahub:2641): WARNING **: zeitgeist-datahub.vala:212: Error during inserting events: GDBus.Error:org.gnome.zeitgeist.EngineError.InvalidArgument: Incomplete event: interpretation, manifestation and actor are required

(firefox:3142): GLib-GObject-WARNING **: Attempt to add property GnomeProgram::sm-connect after class was initialised

(firefox:3142): GLib-GObject-WARNING **: Attempt to add property GnomeProgram::show-crash-dialog after class was initialised

(firefox:3142): GLib-GObject-WARNING **: Attempt to add property GnomeProgram::display after class was initialised

(firefox:3142): GLib-GObject-WARNING **: Attempt to add property GnomeProgram::default-icon after class was initialised
getrlimit(RLIMIT_NOFILE) failed
[2768:2768:0831/143123:ERROR:CONSOLE(1)] "Failed to set referrer policy: The value 'strict-origin' is not one of 'always', 'default', 'never', 'no-referrer', 'no-referrer-when-downgrade', 'origin', 'origin-when-crossorigin', or 'unsafe-url'. This document's referrer policy has been left unchanged.", source: https://www.google.co.in/_/chrome/newtab?espv=2&ie=UTF-8&client=ubuntu (1)
getrlimit(RLIMIT_NOFILE) failed
getrlimit(RLIMIT_NOFILE) failed
getrlimit(RLIMIT_NOFILE) failed
[2768:2768:0831/143412:ERROR:CONSOLE(1)] "Failed to set referrer policy: The value 'strict-origin' is not one of 'always', 'default', 'never', 'no-referrer', 'no-referrer-when-downgrade', 'origin', 'origin-when-crossorigin', or 'unsafe-url'. This document's referrer policy has been left unchanged.", source: https://www.google.co.in/_/chrome/newtab?espv=2&ie=UTF-8&client=ubuntu (1)
getrlimit(RLIMIT_NOFILE) failed
getrlimit(RLIMIT_NOFILE) failed
getrlimit(RLIMIT_NOFILE) failed
[2768:2768:0831/143656:ERROR:CONSOLE(1)] "Failed to set referrer policy: The value 'strict-origin' is not one of 'always', 'default', 'never', 'no-referrer', 'no-referrer-when-downgrade', 'origin', 'origin-when-crossorigin', or 'unsafe-url'. This document's referrer policy has been left unchanged.", source: https://www.google.co.in/_/chrome/newtab?espv=2&ie=UTF-8&client=ubuntu (1)
1535706526462	addons.update-checker	WARN	onUpdateCheckComplete failed to parse update manifest: [Exception... "Update manifest is missing a required addons property."  nsresult: "0x80004005 (NS_ERROR_FAILURE)"  location: "JS frame :: resource://gre/modules/addons/AddonUpdateChecker.jsm :: getRequiredProperty :: line 466"  data: no] Stack trace: getRequiredProperty()@resource://gre/modules/addons/AddonUpdateChecker.jsm:466 < parseJSONManifest()@resource://gre/modules/addons/AddonUpdateChecker.jsm:476 < UpdateParser.prototype.onLoad/parser()@resource://gre/modules/addons/AddonUpdateChecker.jsm:647 < UpdateParser.prototype.onLoad()@resource://gre/modules/addons/AddonUpdateChecker.jsm:667 < UpdateParser/<()@resource://gre/modules/addons/AddonUpdateChecker.jsm:585
1535706526918	addons.update-checker	WARN	onUpdateCheckComplete failed to parse update manifest: [Exception... "Update manifest is missing a required addons property."  nsresult: "0x80004005 (NS_ERROR_FAILURE)"  location: "JS frame :: resource://gre/modules/addons/AddonUpdateChecker.jsm :: getRequiredProperty :: line 466"  data: no] Stack trace: getRequiredProperty()@resource://gre/modules/addons/AddonUpdateChecker.jsm:466 < parseJSONManifest()@resource://gre/modules/addons/AddonUpdateChecker.jsm:476 < UpdateParser.prototype.onLoad/parser()@resource://gre/modules/addons/AddonUpdateChecker.jsm:647 < UpdateParser.prototype.onLoad()@resource://gre/modules/addons/AddonUpdateChecker.jsm:667 < UpdateParser/<()@resource://gre/modules/addons/AddonUpdateChecker.jsm:585
1535706527231	addons.update-checker	WARN	onUpdateCheckComplete failed to parse update manifest: [Exception... "Update manifest is missing a required addons property."  nsresult: "0x80004005 (NS_ERROR_FAILURE)"  location: "JS frame :: resource://gre/modules/addons/AddonUpdateChecker.jsm :: getRequiredProperty :: line 466"  data: no] Stack trace: getRequiredProperty()@resource://gre/modules/addons/AddonUpdateChecker.jsm:466 < parseJSONManifest()@resource://gre/modules/addons/AddonUpdateChecker.jsm:476 < UpdateParser.prototype.onLoad/parser()@resource://gre/modules/addons/AddonUpdateChecker.jsm:647 < UpdateParser.prototype.onLoad()@resource://gre/modules/addons/AddonUpdateChecker.jsm:667 < UpdateParser/<()@resource://gre/modules/addons/AddonUpdateChecker.jsm:585
getrlimit(RLIMIT_NOFILE) failed
getrlimit(RLIMIT_NOFILE) failed
getrlimit(RLIMIT_NOFILE) failed
getrlimit(RLIMIT_NOFILE) failed
Error loading .desktop file /usr/share/app-install/desktop/activity-log-manager:gnome-activity-log-manager-panel.desktop: constructor returned NULL
Error loading .desktop file /usr/share/applications/gnome-deja-dup-panel.desktop: constructor returned NULL
Error loading .desktop file /usr/share/app-install/desktop/deja-dup:gnome-deja-dup-panel.desktop: constructor returned NULL
